Using pre-set license
Built from '2021.1/staging' branch; Version is '2021.1.0b2 (1e651ea6a5c1) revision 1991966'; Using compiler version '192528614'; Build Type 'Release'
OS: 'Windows 10 Home; OS build 19041.867; Version 2004; 64bit' Language: 'en' Physical Memory: 8029 MB
BatchMode: 1, IsHumanControllingUs: 0, StartBugReporterOnCrash: 0, Is64bit: 1, IsPro: 0

 COMMAND LINE ARGUMENTS:
C:\Program Files\Unity\Hub\Editor\2021.1.0b2\Editor\Unity.exe
-adb2
-batchMode
-noUpm
-name
AssetImportWorker0
-projectPath
C:/Users/franc/Desktop/Breakout-main
-logFile
Logs/AssetImportWorker0.log
-srvPort
58073
Successfully changed project path to: C:/Users/franc/Desktop/Breakout-main
C:/Users/franc/Desktop/Breakout-main
Using Asset Import Pipeline V2.
Refreshing native plugins compatible for Editor in 132.26 ms, found 2 plugins.
Preloading 0 native plugins for Editor in 0.00 ms.
Initialize engine version: 2021.1.0b2 (1e651ea6a5c1)
[Subsystems] Discovering subsystems at path C:/Program Files/Unity/Hub/Editor/2021.1.0b2/Editor/Data/Resources/UnitySubsystems
[Subsystems] Discovering subsystems at path C:/Users/franc/Desktop/Breakout-main/Assets
GfxDevice: creating device client; threaded=0; jobified=0
Direct3D:
    Version:  Direct3D 11.0 [level 11.1]
    Renderer: NVIDIA GeForce GTX 1650 Ti (ID=0x1f95)
    Vendor:   NVIDIA
    VRAM:     3962 MB
    Driver:   27.21.14.5167
Initialize mono
Mono path[0] = 'C:/Program Files/Unity/Hub/Editor/2021.1.0b2/Editor/Data/Managed'
Mono path[1] = 'C:/Program Files/Unity/Hub/Editor/2021.1.0b2/Editor/Data/MonoBleedingEdge/lib/mono/unityjit'
Mono config path = 'C:/Program Files/Unity/Hub/Editor/2021.1.0b2/Editor/Data/MonoBleedingEdge/etc'
Using monoOptions --debugger-agent=transport=dt_socket,embedding=1,server=y,suspend=n,address=127.0.0.1:56456
Begin MonoManager ReloadAssembly
Registering precompiled unity dll's ...
Register platform support module: C:/Program Files/Unity/Hub/Editor/2021.1.0b2/Editor/Data/PlaybackEngines/WindowsStandaloneSupport/UnityEditor.WindowsStandalone.Extensions.dll
Registered in 0.001976 seconds.
Native extension for WindowsStandalone target not found
Refreshing native plugins compatible for Editor in 148.17 ms, found 2 plugins.
Preloading 0 native plugins for Editor in 0.00 ms.
Mono: successfully reloaded assembly
- Completed reload, in  2.268 seconds
Platform modules already initialized, skipping
Registering precompiled user dll's ...
Registered in 0.003856 seconds.
Begin MonoManager ReloadAssembly
Native extension for WindowsStandalone target not found
Refreshing native plugins compatible for Editor in 129.53 ms, found 2 plugins.
Preloading 0 native plugins for Editor in 0.00 ms.
Mono: successfully reloaded assembly
- Completed reload, in  1.678 seconds
Platform modules already initialized, skipping
========================================================================
Worker process is ready to serve import requests
Launched and connected shader compiler UnityShaderCompiler.exe after 0.06 seconds
Refreshing native plugins compatible for Editor in 1.58 ms, found 2 plugins.
Preloading 0 native plugins for Editor in 0.00 ms.
Unloading 3361 Unused Serialized files (Serialized files now loaded: 0)
System memory in use before: 259.5 MB.
System memory in use after: 259.7 MB.

Unloading 24 unused Assets to reduce memory usage. Loaded Objects now: 3817.
Total: 9.209600 ms (FindLiveObjects: 0.740900 ms CreateObjectMapping: 0.576800 ms MarkObjects: 7.707000 ms  DeleteObjects: 0.182100 ms)

========================================================================
Received Import Request.
  path: Assets/Breakout/Scripts/Paddle.cs
  artifactKey: Guid(6f6bcc44c52deec47ae36a6f692fde77) Importer(815301076,1909f56bfc062723c751e8b465ee728b)
Start importing Assets/Breakout/Scripts/Paddle.cs using Guid(6f6bcc44c52deec47ae36a6f692fde77) Importer(815301076,1909f56bfc062723c751e8b465ee728b)  -> (artifact id: 'ff8e8631d352016ef431e63f61be6477') in 0.032150 seconds 
========================================================================
Received Prepare
Refreshing native plugins compatible for Editor in 20.68 ms, found 2 plugins.
Preloading 0 native plugins for Editor in 0.00 ms.
Unloading 10 Unused Serialized files (Serialized files now loaded: 0)
System memory in use before: 192.7 MB.
System memory in use after: 192.9 MB.

Unloading 10 unused Assets to reduce memory usage. Loaded Objects now: 3817.
Total: 16.531400 ms (FindLiveObjects: 2.207300 ms CreateObjectMapping: 0.710900 ms MarkObjects: 13.564400 ms  DeleteObjects: 0.045300 ms)

========================================================================
Received Prepare
Registering precompiled user dll's ...
Registered in 0.006562 seconds.
Begin MonoManager ReloadAssembly
Native extension for WindowsStandalone target not found
Refreshing native plugins compatible for Editor in 1.85 ms, found 2 plugins.
Preloading 0 native plugins for Editor in 0.00 ms.
Mono: successfully reloaded assembly
- Completed reload, in  1.187 seconds
Platform modules already initialized, skipping
Refreshing native plugins compatible for Editor in 0.61 ms, found 2 plugins.
Preloading 0 native plugins for Editor in 0.00 ms.
Unloading 3351 Unused Serialized files (Serialized files now loaded: 0)
System memory in use before: 259.3 MB.
System memory in use after: 259.6 MB.

Unloading 12 unused Assets to reduce memory usage. Loaded Objects now: 3820.
Total: 4.036200 ms (FindLiveObjects: 1.238900 ms CreateObjectMapping: 0.523500 ms MarkObjects: 2.245900 ms  DeleteObjects: 0.024000 ms)

========================================================================
Received Import Request.
  Time since last request: 54.166264 seconds.
  path: Assets/Breakout/Scripts/Paddle.cs
  artifactKey: Guid(6f6bcc44c52deec47ae36a6f692fde77) Importer(815301076,1909f56bfc062723c751e8b465ee728b)
Start importing Assets/Breakout/Scripts/Paddle.cs using Guid(6f6bcc44c52deec47ae36a6f692fde77) Importer(815301076,1909f56bfc062723c751e8b465ee728b)  -> (artifact id: '47516a0284ccc25965e6c653308ba534') in 0.018548 seconds 
========================================================================
Received Prepare
Registering precompiled user dll's ...
Registered in 0.002968 seconds.
Begin MonoManager ReloadAssembly
Native extension for WindowsStandalone target not found
Refreshing native plugins compatible for Editor in 0.76 ms, found 2 plugins.
Preloading 0 native plugins for Editor in 0.00 ms.
Mono: successfully reloaded assembly
- Completed reload, in  1.118 seconds
Platform modules already initialized, skipping
Refreshing native plugins compatible for Editor in 0.64 ms, found 2 plugins.
Preloading 0 native plugins for Editor in 0.00 ms.
Unloading 3351 Unused Serialized files (Serialized files now loaded: 0)
System memory in use before: 259.5 MB.
System memory in use after: 259.7 MB.

Unloading 12 unused Assets to reduce memory usage. Loaded Objects now: 3823.
Total: 3.167200 ms (FindLiveObjects: 0.425400 ms CreateObjectMapping: 0.274100 ms MarkObjects: 2.444000 ms  DeleteObjects: 0.022200 ms)

========================================================================
Received Prepare
Registering precompiled user dll's ...
Registered in 0.003537 seconds.
Begin MonoManager ReloadAssembly
Native extension for WindowsStandalone target not found
Refreshing native plugins compatible for Editor in 0.96 ms, found 2 plugins.
Preloading 0 native plugins for Editor in 0.00 ms.
Mono: successfully reloaded assembly
- Completed reload, in  1.207 seconds
Platform modules already initialized, skipping
Refreshing native plugins compatible for Editor in 1.56 ms, found 2 plugins.
Preloading 0 native plugins for Editor in 0.00 ms.
Unloading 3351 Unused Serialized files (Serialized files now loaded: 0)
System memory in use before: 259.6 MB.
System memory in use after: 259.8 MB.

Unloading 12 unused Assets to reduce memory usage. Loaded Objects now: 3826.
Total: 5.276900 ms (FindLiveObjects: 1.449100 ms CreateObjectMapping: 0.606300 ms MarkObjects: 3.189000 ms  DeleteObjects: 0.029300 ms)

========================================================================
Received Prepare
Registering precompiled user dll's ...
Registered in 0.003392 seconds.
Begin MonoManager ReloadAssembly
Native extension for WindowsStandalone target not found
Refreshing native plugins compatible for Editor in 1.02 ms, found 2 plugins.
Preloading 0 native plugins for Editor in 0.00 ms.
Mono: successfully reloaded assembly
- Completed reload, in  1.219 seconds
Platform modules already initialized, skipping
Refreshing native plugins compatible for Editor in 0.70 ms, found 2 plugins.
Preloading 0 native plugins for Editor in 0.00 ms.
Unloading 3351 Unused Serialized files (Serialized files now loaded: 0)
System memory in use before: 259.7 MB.
System memory in use after: 259.9 MB.

Unloading 12 unused Assets to reduce memory usage. Loaded Objects now: 3829.
Total: 3.471500 ms (FindLiveObjects: 0.447500 ms CreateObjectMapping: 0.255900 ms MarkObjects: 2.740100 ms  DeleteObjects: 0.026700 ms)

========================================================================
Received Prepare
Registering precompiled user dll's ...
Registered in 0.003421 seconds.
Begin MonoManager ReloadAssembly
Native extension for WindowsStandalone target not found
Refreshing native plugins compatible for Editor in 0.87 ms, found 2 plugins.
Preloading 0 native plugins for Editor in 0.00 ms.
Mono: successfully reloaded assembly
- Completed reload, in  1.216 seconds
Platform modules already initialized, skipping
Refreshing native plugins compatible for Editor in 0.67 ms, found 2 plugins.
Preloading 0 native plugins for Editor in 0.00 ms.
Unloading 3351 Unused Serialized files (Serialized files now loaded: 0)
System memory in use before: 259.8 MB.
System memory in use after: 260.0 MB.

Unloading 12 unused Assets to reduce memory usage. Loaded Objects now: 3832.
Total: 6.322600 ms (FindLiveObjects: 1.699300 ms CreateObjectMapping: 0.621400 ms MarkObjects: 3.972600 ms  DeleteObjects: 0.025700 ms)

========================================================================
Received Prepare
Registering precompiled user dll's ...
Registered in 0.003805 seconds.
Begin MonoManager ReloadAssembly
Native extension for WindowsStandalone target not found
Refreshing native plugins compatible for Editor in 0.68 ms, found 2 plugins.
Preloading 0 native plugins for Editor in 0.00 ms.
Mono: successfully reloaded assembly
- Completed reload, in  5.811 seconds
Platform modules already initialized, skipping
Refreshing native plugins compatible for Editor in 1.94 ms, found 2 plugins.
Preloading 0 native plugins for Editor in 0.00 ms.
Unloading 3351 Unused Serialized files (Serialized files now loaded: 0)
System memory in use before: 259.9 MB.
System memory in use after: 260.1 MB.

Unloading 12 unused Assets to reduce memory usage. Loaded Objects now: 3835.
Total: 55.069700 ms (FindLiveObjects: 1.143900 ms CreateObjectMapping: 15.485000 ms MarkObjects: 38.392900 ms  DeleteObjects: 0.043200 ms)

========================================================================
Received Prepare
Refreshing native plugins compatible for Editor in 3.38 ms, found 2 plugins.
Preloading 0 native plugins for Editor in 0.00 ms.
Unloading 10 Unused Serialized files (Serialized files now loaded: 0)
System memory in use before: 193.7 MB.
System memory in use after: 193.9 MB.

Unloading 10 unused Assets to reduce memory usage. Loaded Objects now: 3835.
Total: 3.359300 ms (FindLiveObjects: 0.616000 ms CreateObjectMapping: 0.346400 ms MarkObjects: 2.375900 ms  DeleteObjects: 0.018100 ms)

========================================================================
Received Import Request.
  Time since last request: 941.697851 seconds.
  path: Assets/Breakout/Scripts/UIController.cs
  artifactKey: Guid(4062829af2e98a24ea99466f503f6496) Importer(815301076,1909f56bfc062723c751e8b465ee728b)
Start importing Assets/Breakout/Scripts/UIController.cs using Guid(4062829af2e98a24ea99466f503f6496) Importer(815301076,1909f56bfc062723c751e8b465ee728b)  -> (artifact id: '0bb45d96a8dadb61e4794a861c5e659b') in 0.021653 seconds 
========================================================================
Received Prepare
Registering precompiled user dll's ...
Registered in 0.003090 seconds.
Begin MonoManager ReloadAssembly
Native extension for WindowsStandalone target not found
Refreshing native plugins compatible for Editor in 0.65 ms, found 2 plugins.
Preloading 0 native plugins for Editor in 0.00 ms.
Mono: successfully reloaded assembly
- Completed reload, in  0.906 seconds
Platform modules already initialized, skipping
Refreshing native plugins compatible for Editor in 1.96 ms, found 2 plugins.
Preloading 0 native plugins for Editor in 0.00 ms.
Unloading 3351 Unused Serialized files (Serialized files now loaded: 0)
System memory in use before: 260.0 MB.
System memory in use after: 260.3 MB.

Unloading 12 unused Assets to reduce memory usage. Loaded Objects now: 3838.
Total: 3.937100 ms (FindLiveObjects: 0.845300 ms CreateObjectMapping: 0.485100 ms MarkObjects: 2.576800 ms  DeleteObjects: 0.028200 ms)

========================================================================
Received Prepare
Registering precompiled user dll's ...
Registered in 0.002860 seconds.
Begin MonoManager ReloadAssembly
Native extension for WindowsStandalone target not found
Refreshing native plugins compatible for Editor in 0.68 ms, found 2 plugins.
Preloading 0 native plugins for Editor in 0.00 ms.
Mono: successfully reloaded assembly
- Completed reload, in  1.003 seconds
Platform modules already initialized, skipping
Refreshing native plugins compatible for Editor in 0.62 ms, found 2 plugins.
Preloading 0 native plugins for Editor in 0.00 ms.
Unloading 3351 Unused Serialized files (Serialized files now loaded: 0)
System memory in use before: 260.1 MB.
System memory in use after: 260.4 MB.

Unloading 12 unused Assets to reduce memory usage. Loaded Objects now: 3841.
Total: 5.506100 ms (FindLiveObjects: 0.643200 ms CreateObjectMapping: 0.447300 ms MarkObjects: 4.338400 ms  DeleteObjects: 0.075600 ms)

========================================================================
Received Prepare
Refreshing native plugins compatible for Editor in 2.96 ms, found 2 plugins.
Preloading 0 native plugins for Editor in 0.00 ms.
Unloading 10 Unused Serialized files (Serialized files now loaded: 0)
System memory in use before: 193.9 MB.
System memory in use after: 194.2 MB.

Unloading 10 unused Assets to reduce memory usage. Loaded Objects now: 3841.
Total: 3.520800 ms (FindLiveObjects: 0.366200 ms CreateObjectMapping: 0.254900 ms MarkObjects: 2.875200 ms  DeleteObjects: 0.023200 ms)

AssetImportWorkerClient::OnTransportError - code=2 error=End of file
